[2026-06-28 07:34:43] [INFO    ] discord.client: logging in using static token
[2026-06-28 07:34:43] [DEBUG   ] discord.http: GET https://discord.com/api/v10/users/@me with None has returned 200
[2026-06-28 07:34:43] [DEBUG   ] discord.http: GET /users/@me has found its initial rate limit bucket hash (78bb8553d9352a5a2f89f9def401287a).
[2026-06-28 07:34:43] [DEBUG   ] discord.http: GET https://discord.com/api/v10/users/@me has received {'id': '1517933103287500851', 'username': 'ShoyuAI', 'avatar': '4b6b935402abbdce59c2ed318c3a7531', 'discriminator': '3975', 'public_flags': 0, 'flags': 0, 'bot': True, 'banner': None, 'accent_color': None, 'global_name': None, 'avatar_decoration_data': None, 'collectibles': None, 'display_name_styles': None, 'banner_color': None, 'clan': None, 'primary_guild': None, 'mfa_enabled': False, 'locale': 'en-US', 'premium_type': 0, 'email': None, 'verified': True, 'bio': ''}
[2026-06-28 07:34:43] [DEBUG   ] discord.http: GET https://discord.com/api/v10/oauth2/applications/@me with None has returned 200
[2026-06-28 07:34:43] [DEBUG   ] discord.http: GET /oauth2/applications/@me has found its initial rate limit bucket hash (d28a133af187e91d71d96a223467ce49).
[2026-06-28 07:34:43] [DEBUG   ] discord.http: GET https://discord.com/api/v10/oauth2/applications/@me has received {'id': '1517933103287500851', 'name': 'ShoyuAI', 'icon': None, 'description': '', 'type': None, 'summary': '', 'is_monetized': False, 'is_verified': False, 'is_discoverable': False, 'bot': {'id': '1517933103287500851', 'username': 'ShoyuAI', 'avatar': '4b6b935402abbdce59c2ed318c3a7531', 'discriminator': '3975', 'public_flags': 0, 'flags': 0, 'bot': True, 'banner': None, 'accent_color': None, 'global_name': None, 'avatar_decoration_data': None, 'collectibles': None, 'display_name_styles': None, 'banner_color': None, 'clan': None, 'primary_guild': None}, 'bot_public': True, 'bot_require_code_grant': False, 'install_params': {'scopes': ['applications.commands'], 'permissions': '0'}, 'integration_types_config': {'0': {'oauth2_install_params': {'scopes': ['applications.commands'], 'permissions': '0'}}, '1': {'oauth2_install_params': {'scopes': ['applications.commands'], 'permissions': '0'}}}, 'verify_key': 'f9ee0f5a26421d3ae909f62442f67d98368dcfbf3f5382ea37520148ffb3fcc9', 'flags': 2662400, 'flags_new': '2662400', 'hook': True, 'storefront_available': False, 'redirect_uris': [], 'interactions_endpoint_url': None, 'role_connections_verification_url': None, 'owner': {'id': '571195058506956800', 'username': 'tales0334', 'avatar': 'cf2fb2192e7db2f2fd1d2d356a9ad6cf', 'discriminator': '0', 'public_flags': 0, 'flags': 0, 'banner': None, 'accent_color': None, 'global_name': 'Kaeru', 'avatar_decoration_data': None, 'collectibles': None, 'display_name_styles': None, 'banner_color': None, 'clan': None, 'primary_guild': None}, 'approximate_guild_count': 1, 'approximate_user_install_count': 0, 'approximate_user_authorization_count': 0, 'interactions_event_types': [], 'interactions_version': 1, 'explicit_content_filter': 0, 'rpc_application_state': 0, 'store_application_state': 1, 'verification_state': 1, 'integration_public': True, 'integration_require_code_grant': False, 'discoverability_state': 1, 'discovery_eligibility_flags': 480, 'monetization_state': 1, 'verification_eligibility_flags': 91036, 'monetization_eligibility_flags': 181988, 'bot_approximate_guild_count': 1, 'team': None, 'internal_guild_restriction': 2, 'approved_consoles': [], 'pricing_localization_strategy': 'localized_price_sets'}
[2026-06-28 07:34:44] [DEBUG   ] discord.gateway: Created websocket connected to wss://gateway.discord.gg/
[2026-06-28 07:34:44] [DEBUG   ] discord.gateway: For Shard ID None: WebSocket Event: {'t': None, 's': None, 'op': 10, 'd': {'heartbeat_interval': 41250, '_trace': ['["gateway-prd-arm-us-east1-b-gfg7",{"micros":0.0}]']}}
[2026-06-28 07:34:44] [DEBUG   ] discord.gateway: Shard ID None has sent the IDENTIFY payload.
[2026-06-28 07:34:44] [DEBUG   ] discord.gateway: For Shard ID None: WebSocket Event: {'t': None, 's': None, 'op': 11, 'd': None}
[2026-06-28 07:34:44] [DEBUG   ] discord.gateway: For Shard ID None: WebSocket Event: {'t': 'READY', 's': 1, 'op': 0, 'd': {'v': 10, 'user_settings': {}, 'user': {'verified': True, 'username': 'ShoyuAI', 'primary_guild': None, 'mfa_enabled': False, 'id': '1517933103287500851', 'global_name': None, 'flags': 0, 'email': None, 'discriminator': '3975', 'clan': None, 'bot': True, 'avatar': '4b6b935402abbdce59c2ed318c3a7531'}, 'session_type': 'normal', 'session_id': '1c3f1a821674d5eea4247b5d0a950f70', 'resume_gateway_url': 'wss://gateway-us-east1-b.discord.gg', 'relationships': [], 'private_channels': [], 'presences': [], 'guilds': [{'unavailable': True, 'id': '1516166946830417940'}], 'guild_join_requests': [], 'geo_ordered_rtc_regions': ['seattle', 'oregon', 'santa-clara', 'us-west', 'us-south'], 'game_relationships': [], 'auth': {}, 'application': {'id': '1517933103287500851', 'flags_new': '2662400', 'flags': 2662400}, '_trace': ['["gateway-prd-arm-us-east1-b-gfg7",{"micros":478506,"calls":["id_created",{"micros":870,"calls":[]},"session_lookup_time",{"micros":1749,"calls":[]},"session_lookup_finished",{"micros":10,"calls":[]},"sessions-prd-gcp-us-east1-b-13",{"micros":475376,"calls":["start_session",{"micros":432972,"calls":["prd-rpc-9f6f6c69b-55qj4",{"micros":77304,"calls":["get_user",{"micros":12464},"get_guilds",{"micros":7762},"send_scheduled_deletion_message",{"micros":86},"guild_join_requests",{"micros":8},"authorized_ip_coro",{"micros":16},"pending_payments",{"micros":2183},"apex_experiments",{"micros":270764},"sessions_experiments",{"micros":15},"played_application_ids",{"micros":11},"linked_users",{"micros":6},"ad_personalization_toggles_disabled",{"micros":5},"regional_feature_config",{"micros":5}]}]},"starting_guild_connect",{"micros":34,"calls":[]},"presence_started",{"micros":21585,"calls":[]},"guilds_started",{"micros":180,"calls":[]},"lobbies_started",{"micros":1,"calls":[]},"guilds_connect",{"micros":1,"calls":[]},"presence_connect",{"micros":20572,"calls":[]},"connect_finished",{"micros":20588,"calls":[]},"build_ready",{"micros":12,"calls":[]},"clean_ready",{"micros":2,"calls":[]},"optimize_ready",{"micros":1,"calls":[]},"split_ready",{"micros":0,"calls":[]}]}]}]']}}
[2026-06-28 07:34:44] [DEBUG   ] discord.client: Dispatching event socket_event_type
[2026-06-28 07:34:44] [INFO    ] discord.gateway: Shard ID None has connected to Gateway (Session ID: 1c3f1a821674d5eea4247b5d0a950f70).
[2026-06-28 07:34:44] [DEBUG   ] discord.client: Dispatching event connect
[2026-06-28 07:34:44] [DEBUG   ] discord.gateway: For Shard ID None: WebSocket Event: {'t': 'GUILD_CREATE', 's': 2, 'op': 0, 'd': {'application_command_counts': {}, 'afk_channel_id': None, 'banner': None, 'nsfw_level': 0, 'members': [{'user': {'username': 'ShoyuAI', 'public_flags': 0, 'primary_guild': None, 'id': '1517933103287500851', 'global_name': None, 'display_name_styles': None, 'display_name': None, 'discriminator': '3975', 'collectibles': None, 'bot': True, 'avatar_decoration_data': None, 'avatar': '4b6b935402abbdce59c2ed318c3a7531'}, 'roles': ['1517934138173296802'], 'premium_since': None, 'pending': False, 'nick': None, 'mute': False, 'joined_at': '2026-06-20T16:48:20.430000+00:00', 'flags': 0, 'deaf': False, 'communication_disabled_until': None, 'banner': None, 'avatar': None}], 'profile': None, 'application_id': None, 'guild_scheduled_events': [], 'premium_subscription_count': 0, 'system_channel_id': '1516166954031911015', 'voice_states': [], 'incidents_data': None, 'public_updates_channel_id': None, 'stickers': [], 'default_message_notifications': 0, 'owner_configured_content_level': 0, 'member_count': 4, 'id': '1516166946830417940', 'discovery_splash': None, 'latest_onboarding_question_id': None, 'verification_level': 0, 'official_message_color': None, 'max_members': 25000000, 'owner_id': '571195058506956800', 'name': 'Project Nekomimi', 'explicit_content_filter': 0, 'premium_progress_bar_enabled': False, 'soundboard_sounds': [], 'stage_instances': [], 'system_channel_flags': 0, 'home_header': None, 'verification_role_id': None, 'features': [], 'threads': [], 'emojis': [], 'moderator_reporting': None, 'mfa_level': 0, 'inventory_settings': None, 'safety_alerts_channel_id': None, 'description': None, 'channels': [{'version': 1781552770863, 'type': 4, 'position': 0, 'permission_overwrites': [], 'name': 'Text Channels', 'id': '1516166954031911014', 'flags': 0}, {'version': 1781552770868, 'type': 0, 'topic': None, 'rate_limit_per_user': 0, 'position': 1, 'permission_overwrites': [], 'parent_id': '1516166954031911014', 'name': 'general', 'last_message_id': '1517934153356542033', 'id': '1516166954031911015', 'flags': 0}, {'version': 1781552770871, 'type': 0, 'topic': None, 'rate_limit_per_user': 0, 'position': 2, 'permission_overwrites': [], 'parent_id': '1516166954031911014', 'name': 'clips-and-highlights', 'last_message_id': None, 'id': '1516166954031911016', 'flags': 0}, {'version': 1781552770876, 'type': 4, 'position': 3, 'permission_overwrites': [], 'name': 'Voice Channels', 'id': '1516166954031911017', 'flags': 0}, {'version': 1781552770879, 'user_limit': 0, 'type': 2, 'rtc_region': None, 'rate_limit_per_user': 0, 'position': 4, 'permission_overwrites': [], 'parent_id': '1516166954031911017', 'name': 'Lobby', 'last_message_id': None, 'id': '1516166954031911018', 'flags': 0, 'bitrate': 64000}, {'version': 1781552770881, 'user_limit': 0, 'type': 2, 'rtc_region': None, 'rate_limit_per_user': 0, 'position': 5, 'permission_overwrites': [], 'parent_id': '1516166954031911017', 'name': 'Gaming', 'last_message_id': None, 'id': '1516166954031911019', 'flags': 0, 'bitrate': 64000}, {'version': 1781552894569, 'type': 0, 'topic': None, 'rate_limit_per_user': 0, 'position': 3, 'permission_overwrites': [], 'parent_id': '1516166954031911014', 'name': 'dev', 'last_message_id': '1520612443988951044', 'id': '1516167472883962088', 'flags': 0}, {'version': 1781553017024, 'type': 0, 'topic': None, 'rate_limit_per_user': 0, 'position': 4, 'permission_overwrites': [], 'parent_id': '1516166954031911014', 'name': 'announcements', 'last_pin_timestamp': '2026-06-15T19:50:17.005000+00:00', 'last_message_id': '1516167986686197952', 'id': '1516167582896619661', 'flags': 0}], 'embedded_activities': [], 'splash': None, 'joined_at': '2026-06-20T16:48:20.430000+00:00', 'nsfw': False, 'premium_progress_bar_enabled_user_updated_at': None, 'vanity_url_code': None, 'max_video_channel_users': 25, 'max_stage_video_channel_users': 50, 'preferred_locale': 'en-US', 'premium_features': None, 'guild_space_settings': None, 'region': 'deprecated', 'hub_type': None, 'afk_timeout': 300, 'large': False, 'icon': 'ffc82dd506a3afa4d8372840c8dfb60c', 'activity_instances': [], 'presences': [], 'theme': None, 'lazy': True, 'rules_channel_id': None, 'version': 1782130453428, 'roles': [{'version': 1781552770858, 'unicode_emoji': None, 'tags': {}, 'position': 0, 'permissions': '2248473465835073', 'name': '@everyone', 'mentionable': False, 'managed': False, 'id': '1516166946830417940', 'icon': None, 'hoist': False, 'flags': 0, 'colors': {'tertiary_color': None, 'secondary_color': None, 'primary_color': 0}, 'color': 0}, {'version': 1782077818772, 'unicode_emoji': None, 'tags': {'bot_id': '1516192556315181056'}, 'position': 3, 'permissions': '2048', 'name': 'RPS_Bot', 'mentionable': False, 'managed': True, 'id': '1516490615645274197', 'icon': None, 'hoist': False, 'flags': 0, 'colors': {'tertiary_color': None, 'secondary_color': None, 'primary_color': 0}, 'color': 0}, {'version': 1782077818767, 'unicode_emoji': None, 'tags': {'bot_id': '1517933103287500851'}, 'position': 2, 'permissions': '8', 'name': 'ShoyuAI', 'mentionable': False, 'managed': True, 'id': '1517934138173296802', 'icon': None, 'hoist': False, 'flags': 0, 'colors': {'tertiary_color': None, 'secondary_color': None, 'primary_color': 0}, 'color': 0}, {'version': 1782077819287, 'unicode_emoji': None, 'tags': {}, 'position': 1, 'permissions': '0', 'name': 'secretary', 'mentionable': True, 'managed': False, 'id': '1518368959924146256', 'icon': None, 'hoist': False, 'flags': 0, 'colors': {'tertiary_color': None, 'secondary_color': None, 'primary_color': 7419530}, 'color': 7419530}], 'experiments': {'evaluation_id': None, 'assignments': []}, 'unavailable': False, 'game_application_ids': None, 'premium_tier': 0}}
[2026-06-28 07:34:44] [DEBUG   ] discord.client: Dispatching event socket_event_type
[2026-06-28 07:34:44] [DEBUG   ] discord.gateway: For Shard ID None: WebSocket Event: {'t': 'GUILD_MEMBERS_CHUNK', 's': 3, 'op': 0, 'd': {'nonce': '120a877f1aad5dc08a4d3eb0805dba56', 'members': [{'user': {'username': 'tales0334', 'public_flags': 0, 'primary_guild': None, 'id': '571195058506956800', 'global_name': 'Kaeru', 'display_name_styles': None, 'display_name': 'Kaeru', 'discriminator': '0', 'collectibles': None, 'bot': False, 'avatar_decoration_data': None, 'avatar': 'cf2fb2192e7db2f2fd1d2d356a9ad6cf'}, 'roles': ['1518368959924146256'], 'premium_since': None, 'pending': False, 'nick': None, 'mute': False, 'joined_at': '2026-06-15T19:46:10.795000+00:00', 'flags': 0, 'deaf': False, 'communication_disabled_until': None, 'banner': None, 'avatar': None}, {'user': {'username': 'shoyu_ai', 'public_flags': 0, 'primary_guild': None, 'id': '1516169466575065158', 'global_name': 'Shoyu', 'display_name_styles': None, 'display_name': 'Shoyu', 'discriminator': '0', 'collectibles': None, 'bot': False, 'avatar_decoration_data': None, 'avatar': '9004634d3c14cb9d46bdc461bab5ab53'}, 'roles': [], 'premium_since': None, 'pending': False, 'nick': None, 'mute': False, 'joined_at': '2026-06-15T20:06:33.812000+00:00', 'flags': 0, 'deaf': False, 'communication_disabled_until': None, 'banner': None, 'avatar': None}, {'user': {'username': 'RPS_Bot', 'public_flags': 524288, 'primary_guild': None, 'id': '1516192556315181056', 'global_name': None, 'display_name_styles': None, 'display_name': None, 'discriminator': '1216', 'collectibles': None, 'bot': True, 'avatar_decoration_data': None, 'avatar': None}, 'roles': ['1516490615645274197'], 'premium_since': None, 'pending': False, 'nick': None, 'mute': False, 'joined_at': '2026-06-16T17:12:17.905000+00:00', 'flags': 0, 'deaf': False, 'communication_disabled_until': None, 'banner': None, 'avatar': None}, {'user': {'username': 'ShoyuAI', 'public_flags': 0, 'primary_guild': None, 'id': '1517933103287500851', 'global_name': None, 'display_name_styles': None, 'display_name': None, 'discriminator': '3975', 'collectibles': None, 'bot': True, 'avatar_decoration_data': None, 'avatar': '4b6b935402abbdce59c2ed318c3a7531'}, 'roles': ['1517934138173296802'], 'premium_since': None, 'pending': False, 'nick': None, 'mute': False, 'joined_at': '2026-06-20T16:48:20.430000+00:00', 'flags': 0, 'deaf': False, 'communication_disabled_until': None, 'banner': None, 'avatar': None}], 'guild_id': '1516166946830417940', 'chunk_index': 0, 'chunk_count': 1}}
[2026-06-28 07:34:44] [DEBUG   ] discord.client: Dispatching event socket_event_type
[2026-06-28 07:34:44] [DEBUG   ] discord.state: Processed a chunk for 4 members in guild ID 1516166946830417940.
[2026-06-28 07:34:46] [DEBUG   ] discord.client: Dispatching event guild_available
[2026-06-28 07:34:46] [DEBUG   ] discord.client: Dispatching event ready
[2026-06-28 07:35:25] [DEBUG   ] discord.gateway: Keeping shard ID None websocket alive with sequence 3.
[2026-06-28 07:35:25] [DEBUG   ] discord.gateway: For Shard ID None: WebSocket Event: {'t': None, 's': None, 'op': 11, 'd': None}
[2026-06-28 07:36:06] [DEBUG   ] discord.gateway: Keeping shard ID None websocket alive with sequence 3.
[2026-06-28 07:36:06] [DEBUG   ] discord.gateway: For Shard ID None: WebSocket Event: {'t': None, 's': None, 'op': 11, 'd': None}
[2026-06-28 07:36:47] [DEBUG   ] discord.gateway: Keeping shard ID None websocket alive with sequence 3.
[2026-06-28 07:36:48] [DEBUG   ] discord.gateway: For Shard ID None: WebSocket Event: {'t': None, 's': None, 'op': 11, 'd': None}
[2026-06-28 07:37:29] [DEBUG   ] discord.gateway: Keeping shard ID None websocket alive with sequence 3.
[2026-06-28 07:37:29] [DEBUG   ] discord.gateway: For Shard ID None: WebSocket Event: {'t': None, 's': None, 'op': 11, 'd': None}
[2026-06-28 07:38:10] [DEBUG   ] discord.gateway: Keeping shard ID None websocket alive with sequence 3.
[2026-06-28 07:38:10] [DEBUG   ] discord.gateway: For Shard ID None: WebSocket Event: {'t': None, 's': None, 'op': 11, 'd': None}
[2026-06-28 07:38:51] [DEBUG   ] discord.gateway: Keeping shard ID None websocket alive with sequence 3.
[2026-06-28 07:38:51] [DEBUG   ] discord.gateway: For Shard ID None: WebSocket Event: {'t': None, 's': None, 'op': 11, 'd': None}
[2026-06-28 07:39:32] [DEBUG   ] discord.gateway: Keeping shard ID None websocket alive with sequence 3.
[2026-06-28 07:39:33] [DEBUG   ] discord.gateway: For Shard ID None: WebSocket Event: {'t': None, 's': None, 'op': 11, 'd': None}
[2026-06-28 07:40:14] [DEBUG   ] discord.gateway: Keeping shard ID None websocket alive with sequence 3.
[2026-06-28 07:40:14] [DEBUG   ] discord.gateway: For Shard ID None: WebSocket Event: {'t': None, 's': None, 'op': 11, 'd': None}
[2026-06-28 07:40:55] [DEBUG   ] discord.gateway: Keeping shard ID None websocket alive with sequence 3.
[2026-06-28 07:40:55] [DEBUG   ] discord.gateway: For Shard ID None: WebSocket Event: {'t': None, 's': None, 'op': 11, 'd': None}
[2026-06-28 07:41:36] [DEBUG   ] discord.gateway: Keeping shard ID None websocket alive with sequence 3.
[2026-06-28 07:41:36] [DEBUG   ] discord.gateway: For Shard ID None: WebSocket Event: {'t': None, 's': None, 'op': 11, 'd': None}
[2026-06-28 07:42:17] [DEBUG   ] discord.gateway: Keeping shard ID None websocket alive with sequence 3.
[2026-06-28 07:42:18] [DEBUG   ] discord.gateway: For Shard ID None: WebSocket Event: {'t': None, 's': None, 'op': 11, 'd': None}
[2026-06-28 07:42:59] [DEBUG   ] discord.gateway: Keeping shard ID None websocket alive with sequence 3.
[2026-06-28 07:42:59] [DEBUG   ] discord.gateway: For Shard ID None: WebSocket Event: {'t': None, 's': None, 'op': 11, 'd': None}
[2026-06-28 07:43:40] [DEBUG   ] discord.gateway: Keeping shard ID None websocket alive with sequence 3.
[2026-06-28 07:43:40] [DEBUG   ] discord.gateway: For Shard ID None: WebSocket Event: {'t': None, 's': None, 'op': 11, 'd': None}
[2026-06-28 07:44:21] [DEBUG   ] discord.gateway: Keeping shard ID None websocket alive with sequence 3.
[2026-06-28 07:44:21] [DEBUG   ] discord.gateway: For Shard ID None: WebSocket Event: {'t': None, 's': None, 'op': 11, 'd': None}
[2026-06-28 07:45:03] [DEBUG   ] discord.gateway: Keeping shard ID None websocket alive with sequence 3.
[2026-06-28 07:45:03] [DEBUG   ] discord.gateway: For Shard ID None: WebSocket Event: {'t': None, 's': None, 'op': 11, 'd': None}
[2026-06-28 07:45:44] [DEBUG   ] discord.gateway: Keeping shard ID None websocket alive with sequence 3.
[2026-06-28 07:45:44] [DEBUG   ] discord.gateway: For Shard ID None: WebSocket Event: {'t': None, 's': None, 'op': 11, 'd': None}
[2026-06-28 07:46:25] [DEBUG   ] discord.gateway: Keeping shard ID None websocket alive with sequence 3.
[2026-06-28 07:46:25] [DEBUG   ] discord.gateway: For Shard ID None: WebSocket Event: {'t': None, 's': None, 'op': 11, 'd': None}
[2026-06-28 07:47:06] [DEBUG   ] discord.gateway: Keeping shard ID None websocket alive with sequence 3.
[2026-06-28 07:47:06] [DEBUG   ] discord.gateway: For Shard ID None: WebSocket Event: {'t': None, 's': None, 'op': 11, 'd': None}
[2026-06-28 07:47:48] [DEBUG   ] discord.gateway: Keeping shard ID None websocket alive with sequence 3.
[2026-06-28 07:47:48] [DEBUG   ] discord.gateway: For Shard ID None: WebSocket Event: {'t': None, 's': None, 'op': 11, 'd': None}
[2026-06-28 07:48:29] [DEBUG   ] discord.gateway: Keeping shard ID None websocket alive with sequence 3.
[2026-06-28 07:48:29] [DEBUG   ] discord.gateway: For Shard ID None: WebSocket Event: {'t': None, 's': None, 'op': 11, 'd': None}
[2026-06-28 07:49:10] [DEBUG   ] discord.gateway: Keeping shard ID None websocket alive with sequence 3.
[2026-06-28 07:49:10] [DEBUG   ] discord.gateway: For Shard ID None: WebSocket Event: {'t': None, 's': None, 'op': 11, 'd': None}
[2026-06-28 07:49:51] [DEBUG   ] discord.gateway: Keeping shard ID None websocket alive with sequence 3.
[2026-06-28 07:49:51] [DEBUG   ] discord.gateway: For Shard ID None: WebSocket Event: {'t': None, 's': None, 'op': 11, 'd': None}
[2026-06-28 07:50:33] [DEBUG   ] discord.gateway: Keeping shard ID None websocket alive with sequence 3.
[2026-06-28 07:50:33] [DEBUG   ] discord.gateway: For Shard ID None: WebSocket Event: {'t': None, 's': None, 'op': 11, 'd': None}
[2026-06-28 07:51:14] [DEBUG   ] discord.gateway: Keeping shard ID None websocket alive with sequence 3.
[2026-06-28 07:51:14] [DEBUG   ] discord.gateway: For Shard ID None: WebSocket Event: {'t': None, 's': None, 'op': 11, 'd': None}
[2026-06-28 07:51:55] [DEBUG   ] discord.gateway: Keeping shard ID None websocket alive with sequence 3.
[2026-06-28 07:51:55] [DEBUG   ] discord.gateway: For Shard ID None: WebSocket Event: {'t': None, 's': None, 'op': 11, 'd': None}
[2026-06-28 07:52:36] [DEBUG   ] discord.gateway: Keeping shard ID None websocket alive with sequence 3.
[2026-06-28 07:52:37] [DEBUG   ] discord.gateway: For Shard ID None: WebSocket Event: {'t': None, 's': None, 'op': 11, 'd': None}
[2026-06-28 07:53:18] [DEBUG   ] discord.gateway: Keeping shard ID None websocket alive with sequence 3.
[2026-06-28 07:53:18] [DEBUG   ] discord.gateway: For Shard ID None: WebSocket Event: {'t': None, 's': None, 'op': 11, 'd': None}
[2026-06-28 07:53:59] [DEBUG   ] discord.gateway: Keeping shard ID None websocket alive with sequence 3.
[2026-06-28 07:53:59] [DEBUG   ] discord.gateway: For Shard ID None: WebSocket Event: {'t': None, 's': None, 'op': 11, 'd': None}
